DEBUG:PIL.PngImagePlugin:STREAM 'IHDR' 16 13
DEBUG:PIL.PngImagePlugin:STREAM 'sBIT' 41 4
DEBUG:PIL.PngImagePlugin:'sBIT' 41 4 (unknown)
DEBUG:PIL.PngImagePlugin:STREAM 'IDAT' 57 8192
DEBUG:PIL.PngImagePlugin:STREAM 'IHDR' 16 13
DEBUG:PIL.PngImagePlugin:STREAM 'sBIT' 41 4
DEBUG:PIL.PngImagePlugin:'sBIT' 41 4 (unknown)
DEBUG:PIL.PngImagePlugin:STREAM 'IDAT' 57 8192
DEBUG:root:Detection of loading image time: 1.214392
DEBUG:root:Detection of detecting image time: 10.319760
DEBUG:PIL.PngImagePlugin:STREAM 'IHDR' 16 13
DEBUG:PIL.PngImagePlugin:STREAM 'IDAT' 41 1216
DEBUG:PIL.PngImagePlugin:STREAM 'IHDR' 16 13
DEBUG:PIL.PngImagePlugin:STREAM 'IDAT' 41 1216
DEBUG:PIL.PngImagePlugin:STREAM 'IHDR' 16 13
DEBUG:PIL.PngImagePlugin:STREAM 'IDAT' 41 1216
DEBUG:PIL.PngImagePlugin:STREAM 'IHDR' 16 13
DEBUG:PIL.PngImagePlugin:STREAM 'sBIT' 41 4
DEBUG:PIL.PngImagePlugin:'sBIT' 41 4 (unknown)
DEBUG:PIL.PngImagePlugin:STREAM 'IDAT' 57 8192
DEBUG:root:Detection of loading image time: 1.246823
DEBUG:root:Detection of detecting image time: 4.569681
DEBUG:PIL.PngImagePlugin:STREAM 'IHDR' 16 13
DEBUG:PIL.PngImagePlugin:STREAM 'IDAT' 41 1216
DEBUG:PIL.PngImagePlugin:STREAM 'IHDR' 16 13
DEBUG:PIL.PngImagePlugin:STREAM 'IDAT' 41 1216
DEBUG:PIL.PngImagePlugin:STREAM 'IHDR' 16 13
DEBUG:PIL.PngImagePlugin:STREAM 'IDAT' 41 1216
DEBUG:PIL.PngImagePlugin:STREAM 'IHDR' 16 13
DEBUG:PIL.PngImagePlugin:STREAM 'sBIT' 41 4
DEBUG:PIL.PngImagePlugin:'sBIT' 41 4 (unknown)
DEBUG:PIL.PngImagePlugin:STREAM 'IDAT' 57 8192
DEBUG:root:Detection of loading image time: 1.135239
DEBUG:root:Detection of detecting image time: 4.675809
DEBUG:PIL.PngImagePlugin:STREAM 'IHDR' 16 13
DEBUG:PIL.PngImagePlugin:STREAM 'IDAT' 41 1216
DEBUG:PIL.PngImagePlugin:STREAM 'IHDR' 16 13
DEBUG:PIL.PngImagePlugin:STREAM 'IDAT' 41 1216
DEBUG:PIL.PngImagePlugin:STREAM 'IHDR' 16 13
DEBUG:PIL.PngImagePlugin:STREAM 'IDAT' 41 1216
DEBUG:PIL.PngImagePlugin:STREAM 'IHDR' 16 13
DEBUG:PIL.PngImagePlugin:STREAM 'sBIT' 41 4
DEBUG:PIL.PngImagePlugin:'sBIT' 41 4 (unknown)
DEBUG:PIL.PngImagePlugin:STREAM 'IDAT' 57 8192
DEBUG:root:Detection of loading image time: 1.344390
DEBUG:root:Detection of detecting image time: 4.608278
DEBUG:PIL.PngImagePlugin:STREAM 'IHDR' 16 13
DEBUG:PIL.PngImagePlugin:STREAM 'IDAT' 41 1216
DEBUG:PIL.PngImagePlugin:STREAM 'IHDR' 16 13
DEBUG:PIL.PngImagePlugin:STREAM 'IDAT' 41 1216
DEBUG:PIL.PngImagePlugin:STREAM 'IHDR' 16 13
DEBUG:PIL.PngImagePlugin:STREAM 'IDAT' 41 1216
DEBUG:PIL.PngImagePlugin:STREAM 'IHDR' 16 13
DEBUG:PIL.PngImagePlugin:STREAM 'sBIT' 41 4
DEBUG:PIL.PngImagePlugin:'sBIT' 41 4 (unknown)
DEBUG:PIL.PngImagePlugin:STREAM 'IDAT' 57 8192
DEBUG:root:Detection of loading image time: 1.144866
DEBUG:root:Detection of detecting image time: 4.551184
DEBUG:PIL.PngImagePlugin:STREAM 'IHDR' 16 13
DEBUG:PIL.PngImagePlugin:STREAM 'IDAT' 41 1216
DEBUG:PIL.PngImagePlugin:STREAM 'IHDR' 16 13
DEBUG:PIL.PngImagePlugin:STREAM 'IDAT' 41 1216
DEBUG:PIL.PngImagePlugin:STREAM 'IHDR' 16 13
DEBUG:PIL.PngImagePlugin:STREAM 'IDAT' 41 1216
DEBUG:PIL.PngImagePlugin:STREAM 'IHDR' 16 13
DEBUG:PIL.PngImagePlugin:STREAM 'sBIT' 41 4
DEBUG:PIL.PngImagePlugin:'sBIT' 41 4 (unknown)
DEBUG:PIL.PngImagePlugin:STREAM 'IDAT' 57 8192
DEBUG:root:Detection of loading image time: 1.368004
INFO:root:Loading book: Index.cmd
INFO:root:Loading book: Main.cmd
DEBUG:root:Detection of detecting image time: 4.692336
DEBUG:PIL.PngImagePlugin:STREAM 'IHDR' 16 13
DEBUG:PIL.PngImagePlugin:STREAM 'IDAT' 41 1216
DEBUG:PIL.PngImagePlugin:STREAM 'IHDR' 16 13
DEBUG:PIL.PngImagePlugin:STREAM 'IDAT' 41 1216
DEBUG:PIL.PngImagePlugin:STREAM 'IHDR' 16 13
DEBUG:PIL.PngImagePlugin:STREAM 'IDAT' 41 1216
DEBUG:PIL.PngImagePlugin:STREAM 'IHDR' 16 13
DEBUG:PIL.PngImagePlugin:STREAM 'sBIT' 41 4
DEBUG:PIL.PngImagePlugin:'sBIT' 41 4 (unknown)
DEBUG:PIL.PngImagePlugin:STREAM 'IDAT' 57 8192
INFO:root:Loop the Index book
INFO:root:Check condition for Index[1.GuiderGui][LeftArrow]
DEBUG:root:tag require:100/100 of [u'GuiderGui', u'gLeftArrow']
DEBUG:root:tag detect: []
INFO:root:Check condition for Index[1.GuiderGui][RightArrow]
DEBUG:root:tag require:100/100 of [u'GuiderGui', u'gRightArrow']
DEBUG:root:tag detect: []
INFO:root:Check condition for Index[1.GuiderGui][UpArrow]
DEBUG:root:tag require:100/100 of [u'GuiderGui', u'gUpArrow']
DEBUG:root:tag detect: []
INFO:root:Check condition for Index[1.GuiderGui][DownArrow]
DEBUG:root:tag require:100/100 of [u'GuiderGui', u'gDownArrow']
DEBUG:root:tag detect: []
INFO:root:Check condition for Index[1.GuiderGui][LeftUpArrow]
DEBUG:root:tag require:100/100 of [u'GuiderGui', u'gLeftUpArrow']
DEBUG:root:tag detect: []
INFO:root:Check condition for Index[1.GuiderGui][RightUpArrow]
DEBUG:root:tag require:100/100 of [u'GuiderGui', u'gRightUpArrow']
DEBUG:root:tag detect: []
INFO:root:Check condition for Index[1.GuiderGui][LeftDownArrow]
DEBUG:root:tag require:100/100 of [u'GuiderGui', u'gLeftDownArrow']
DEBUG:root:tag detect: []
INFO:root:Check condition for Index[1.GuiderGui][RightDownArrow]
DEBUG:root:tag require:100/100 of [u'GuiderGui', u'gRightDownArrow']
DEBUG:root:tag detect: []
INFO:root:Check condition for Index[2.MainGui][Default]
DEBUG:root:tag require:100/100 of [u'Actor', u'mVIPLevel', u'mBag']
DEBUG:root:tag detect: []
DEBUG:root:tag require:30/100 of [u'Actor', u'mVIPLevel', u'mBag', u'mTeam', u'mPowerScore', u'mBeStronger', u'mMIC', u'mChat', u'mBroadcast', u'mLock', u'mCamera', u'mRide', u'mFriend', u'mTimeState', u'mExpStat', u'mMap', u'mMail', u'mBlood', u'mMagic', u'mProfile', u'mTask', u'mTeamInfo', u'mTaskMajorInfo', u'mTaskOtherInfo', u'mHideTaskCtl', u'mActorLevel', u'gWonderActive', u'gFirstPayGift', u'gGift', u'gActive', u'gSocial', u'gOpenGift', u'gOpenParty', u'mKillState', u'gControlA']
DEBUG:root:tag detect: []
INFO:root:Check condition for Index[3.DialogGui][Default]
DEBUG:root:tag require:100/100 of [u'DialogGui', u'dConfirm']
DEBUG:root:tag detect: []
DEBUG:root:tag require:100/100 of [u'DialogGui', u'dNext']
DEBUG:root:tag detect: []
DEBUG:root:tag require:100/100 of [u'MovieGui', u'dConfirm']
DEBUG:root:tag detect: []
DEBUG:root:tag require:100/100 of [u'MovieGui', u'dNext']
DEBUG:root:tag detect: []
DEBUG:root:Detection of loading image time: 1.121553
INFO:root:Loop the Index book
INFO:root:Check condition for Index[1.GuiderGui][LeftArrow]
DEBUG:root:tag require:100/100 of [u'GuiderGui', u'gLeftArrow']
DEBUG:root:tag detect: []
INFO:root:Check condition for Index[1.GuiderGui][RightArrow]
DEBUG:root:tag require:100/100 of [u'GuiderGui', u'gRightArrow']
DEBUG:root:tag detect: []
INFO:root:Check condition for Index[1.GuiderGui][UpArrow]
DEBUG:root:tag require:100/100 of [u'GuiderGui', u'gUpArrow']
DEBUG:root:tag detect: []
INFO:root:Check condition for Index[1.GuiderGui][DownArrow]
DEBUG:root:tag require:100/100 of [u'GuiderGui', u'gDownArrow']
DEBUG:root:tag detect: []
INFO:root:Check condition for Index[1.GuiderGui][LeftUpArrow]
DEBUG:root:tag require:100/100 of [u'GuiderGui', u'gLeftUpArrow']
DEBUG:root:tag detect: []
INFO:root:Check condition for Index[1.GuiderGui][RightUpArrow]
DEBUG:root:tag require:100/100 of [u'GuiderGui', u'gRightUpArrow']
DEBUG:root:tag detect: []
INFO:root:Check condition for Index[1.GuiderGui][LeftDownArrow]
DEBUG:root:tag require:100/100 of [u'GuiderGui', u'gLeftDownArrow']
DEBUG:root:tag detect: []
INFO:root:Check condition for Index[1.GuiderGui][RightDownArrow]
DEBUG:root:tag require:100/100 of [u'GuiderGui', u'gRightDownArrow']
DEBUG:root:tag detect: []
INFO:root:Check condition for Index[2.MainGui][Default]
DEBUG:root:tag require:100/100 of [u'Actor', u'mVIPLevel', u'mBag']
DEBUG:root:tag detect: []
DEBUG:root:tag require:30/100 of [u'Actor', u'mVIPLevel', u'mBag', u'mTeam', u'mPowerScore', u'mBeStronger', u'mMIC', u'mChat', u'mBroadcast', u'mLock', u'mCamera', u'mRide', u'mFriend', u'mTimeState', u'mExpStat', u'mMap', u'mMail', u'mBlood', u'mMagic', u'mProfile', u'mTask', u'mTeamInfo', u'mTaskMajorInfo', u'mTaskOtherInfo', u'mHideTaskCtl', u'mActorLevel', u'gWonderActive', u'gFirstPayGift', u'gGift', u'gActive', u'gSocial', u'gOpenGift', u'gOpenParty', u'mKillState', u'gControlA']
DEBUG:root:tag detect: []
INFO:root:Check condition for Index[3.DialogGui][Default]
DEBUG:root:tag require:100/100 of [u'DialogGui', u'dConfirm']
DEBUG:root:tag detect: []
DEBUG:root:tag require:100/100 of [u'DialogGui', u'dNext']
DEBUG:root:tag detect: []
DEBUG:root:tag require:100/100 of [u'MovieGui', u'dConfirm']
DEBUG:root:tag detect: []
DEBUG:root:tag require:100/100 of [u'MovieGui', u'dNext']
DEBUG:root:tag detect: []
INFO:root:Loop the Index book
INFO:root:Check condition for Index[1.GuiderGui][LeftArrow]
DEBUG:root:tag require:100/100 of [u'GuiderGui', u'gLeftArrow']
DEBUG:root:tag detect: []
INFO:root:Check condition for Index[1.GuiderGui][RightArrow]
DEBUG:root:tag require:100/100 of [u'GuiderGui', u'gRightArrow']
DEBUG:root:tag detect: []
INFO:root:Check condition for Index[1.GuiderGui][UpArrow]
DEBUG:root:tag require:100/100 of [u'GuiderGui', u'gUpArrow']
DEBUG:root:tag detect: []
INFO:root:Check condition for Index[1.GuiderGui][DownArrow]
DEBUG:root:tag require:100/100 of [u'GuiderGui', u'gDownArrow']
DEBUG:root:tag detect: []
INFO:root:Check condition for Index[1.GuiderGui][LeftUpArrow]
DEBUG:root:tag require:100/100 of [u'GuiderGui', u'gLeftUpArrow']
DEBUG:root:tag detect: []
INFO:root:Check condition for Index[1.GuiderGui][RightUpArrow]
DEBUG:root:tag require:100/100 of [u'GuiderGui', u'gRightUpArrow']
DEBUG:root:tag detect: []
INFO:root:Check condition for Index[1.GuiderGui][LeftDownArrow]
DEBUG:root:tag require:100/100 of [u'GuiderGui', u'gLeftDownArrow']
DEBUG:root:tag detect: []
INFO:root:Check condition for Index[1.GuiderGui][RightDownArrow]
DEBUG:root:tag require:100/100 of [u'GuiderGui', u'gRightDownArrow']
DEBUG:root:tag detect: []
INFO:root:Check condition for Index[2.MainGui][Default]
DEBUG:root:tag require:100/100 of [u'Actor', u'mVIPLevel', u'mBag']
DEBUG:root:tag detect: []
DEBUG:root:tag require:30/100 of [u'Actor', u'mVIPLevel', u'mBag', u'mTeam', u'mPowerScore', u'mBeStronger', u'mMIC', u'mChat', u'mBroadcast', u'mLock', u'mCamera', u'mRide', u'mFriend', u'mTimeState', u'mExpStat', u'mMap', u'mMail', u'mBlood', u'mMagic', u'mProfile', u'mTask', u'mTeamInfo', u'mTaskMajorInfo', u'mTaskOtherInfo', u'mHideTaskCtl', u'mActorLevel', u'gWonderActive', u'gFirstPayGift', u'gGift', u'gActive', u'gSocial', u'gOpenGift', u'gOpenParty', u'mKillState', u'gControlA']
DEBUG:root:tag detect: []
INFO:root:Check condition for Index[3.DialogGui][Default]
DEBUG:root:tag require:100/100 of [u'DialogGui', u'dConfirm']
DEBUG:root:tag detect: []
DEBUG:root:tag require:100/100 of [u'DialogGui', u'dNext']
DEBUG:root:tag detect: []
DEBUG:root:tag require:100/100 of [u'MovieGui', u'dConfirm']
DEBUG:root:tag detect: []
DEBUG:root:tag require:100/100 of [u'MovieGui', u'dNext']
DEBUG:root:tag detect: []
INFO:root:Loop the Index book
INFO:root:Check condition for Index[1.GuiderGui][LeftArrow]
DEBUG:root:tag require:100/100 of [u'GuiderGui', u'gLeftArrow']
DEBUG:root:tag detect: []
INFO:root:Check condition for Index[1.GuiderGui][RightArrow]
DEBUG:root:tag require:100/100 of [u'GuiderGui', u'gRightArrow']
DEBUG:root:tag detect: []
INFO:root:Check condition for Index[1.GuiderGui][UpArrow]
DEBUG:root:tag require:100/100 of [u'GuiderGui', u'gUpArrow']
DEBUG:root:tag detect: []
INFO:root:Check condition for Index[1.GuiderGui][DownArrow]
DEBUG:root:tag require:100/100 of [u'GuiderGui', u'gDownArrow']
DEBUG:root:tag detect: []
INFO:root:Check condition for Index[1.GuiderGui][LeftUpArrow]
DEBUG:root:tag require:100/100 of [u'GuiderGui', u'gLeftUpArrow']
DEBUG:root:tag detect: []
INFO:root:Check condition for Index[1.GuiderGui][RightUpArrow]
DEBUG:root:tag require:100/100 of [u'GuiderGui', u'gRightUpArrow']
DEBUG:root:tag detect: []
INFO:root:Check condition for Index[1.GuiderGui][LeftDownArrow]
DEBUG:root:tag require:100/100 of [u'GuiderGui', u'gLeftDownArrow']
DEBUG:root:tag detect: []
INFO:root:Check condition for Index[1.GuiderGui][RightDownArrow]
DEBUG:root:tag require:100/100 of [u'GuiderGui', u'gRightDownArrow']
DEBUG:root:tag detect: []
INFO:root:Check condition for Index[2.MainGui][Default]
DEBUG:root:tag require:100/100 of [u'Actor', u'mVIPLevel', u'mBag']
DEBUG:root:tag detect: []
DEBUG:root:tag require:30/100 of [u'Actor', u'mVIPLevel', u'mBag', u'mTeam', u'mPowerScore', u'mBeStronger', u'mMIC', u'mChat', u'mBroadcast', u'mLock', u'mCamera', u'mRide', u'mFriend', u'mTimeState', u'mExpStat', u'mMap', u'mMail', u'mBlood', u'mMagic', u'mProfile', u'mTask', u'mTeamInfo', u'mTaskMajorInfo', u'mTaskOtherInfo', u'mHideTaskCtl', u'mActorLevel', u'gWonderActive', u'gFirstPayGift', u'gGift', u'gActive', u'gSocial', u'gOpenGift', u'gOpenParty', u'mKillState', u'gControlA']
DEBUG:root:tag detect: []
INFO:root:Check condition for Index[3.DialogGui][Default]
DEBUG:root:tag require:100/100 of [u'DialogGui', u'dConfirm']
DEBUG:root:tag detect: []
DEBUG:root:tag require:100/100 of [u'DialogGui', u'dNext']
DEBUG:root:tag detect: []
DEBUG:root:tag require:100/100 of [u'MovieGui', u'dConfirm']
DEBUG:root:tag detect: []
DEBUG:root:tag require:100/100 of [u'MovieGui', u'dNext']
DEBUG:root:tag detect: []
INFO:root:Loop the Index book
INFO:root:Check condition for Index[1.GuiderGui][LeftArrow]
DEBUG:root:tag require:100/100 of [u'GuiderGui', u'gLeftArrow']
DEBUG:root:tag detect: []
INFO:root:Check condition for Index[1.GuiderGui][RightArrow]
DEBUG:root:tag require:100/100 of [u'GuiderGui', u'gRightArrow']
DEBUG:root:tag detect: []
INFO:root:Check condition for Index[1.GuiderGui][UpArrow]
DEBUG:root:tag require:100/100 of [u'GuiderGui', u'gUpArrow']
DEBUG:root:tag detect: []
INFO:root:Check condition for Index[1.GuiderGui][DownArrow]
DEBUG:root:tag require:100/100 of [u'GuiderGui', u'gDownArrow']
DEBUG:root:tag detect: []
INFO:root:Check condition for Index[1.GuiderGui][LeftUpArrow]
DEBUG:root:tag require:100/100 of [u'GuiderGui', u'gLeftUpArrow']
DEBUG:root:tag detect: []
INFO:root:Check condition for Index[1.GuiderGui][RightUpArrow]
DEBUG:root:tag require:100/100 of [u'GuiderGui', u'gRightUpArrow']
DEBUG:root:tag detect: []
INFO:root:Check condition for Index[1.GuiderGui][LeftDownArrow]
DEBUG:root:tag require:100/100 of [u'GuiderGui', u'gLeftDownArrow']
DEBUG:root:tag detect: []
INFO:root:Check condition for Index[1.GuiderGui][RightDownArrow]
DEBUG:root:tag require:100/100 of [u'GuiderGui', u'gRightDownArrow']
DEBUG:root:tag detect: []
INFO:root:Check condition for Index[2.MainGui][Default]
DEBUG:root:tag require:100/100 of [u'Actor', u'mVIPLevel', u'mBag']
DEBUG:root:tag detect: []
DEBUG:root:tag require:30/100 of [u'Actor', u'mVIPLevel', u'mBag', u'mTeam', u'mPowerScore', u'mBeStronger', u'mMIC', u'mChat', u'mBroadcast', u'mLock', u'mCamera', u'mRide', u'mFriend', u'mTimeState', u'mExpStat', u'mMap', u'mMail', u'mBlood', u'mMagic', u'mProfile', u'mTask', u'mTeamInfo', u'mTaskMajorInfo', u'mTaskOtherInfo', u'mHideTaskCtl', u'mActorLevel', u'gWonderActive', u'gFirstPayGift', u'gGift', u'gActive', u'gSocial', u'gOpenGift', u'gOpenParty', u'mKillState', u'gControlA']
DEBUG:root:tag detect: []
INFO:root:Check condition for Index[3.DialogGui][Default]
DEBUG:root:tag require:100/100 of [u'DialogGui', u'dConfirm']
DEBUG:root:tag detect: []
DEBUG:root:tag require:100/100 of [u'DialogGui', u'dNext']
DEBUG:root:tag detect: []
DEBUG:root:tag require:100/100 of [u'MovieGui', u'dConfirm']
DEBUG:root:tag detect: []
DEBUG:root:tag require:100/100 of [u'MovieGui', u'dNext']
DEBUG:root:tag detect: []
INFO:root:Loop the Index book
INFO:root:Check condition for Index[1.GuiderGui][LeftArrow]
DEBUG:root:tag require:100/100 of [u'GuiderGui', u'gLeftArrow']
DEBUG:root:tag detect: []
INFO:root:Check condition for Index[1.GuiderGui][RightArrow]
DEBUG:root:tag require:100/100 of [u'GuiderGui', u'gRightArrow']
DEBUG:root:tag detect: []
INFO:root:Check condition for Index[1.GuiderGui][UpArrow]
DEBUG:root:tag require:100/100 of [u'GuiderGui', u'gUpArrow']
DEBUG:root:tag detect: []
INFO:root:Check condition for Index[1.GuiderGui][DownArrow]
DEBUG:root:tag require:100/100 of [u'GuiderGui', u'gDownArrow']
DEBUG:root:tag detect: []
INFO:root:Check condition for Index[1.GuiderGui][LeftUpArrow]
DEBUG:root:tag require:100/100 of [u'GuiderGui', u'gLeftUpArrow']
DEBUG:root:tag detect: []
INFO:root:Check condition for Index[1.GuiderGui][RightUpArrow]
DEBUG:root:tag require:100/100 of [u'GuiderGui', u'gRightUpArrow']
DEBUG:root:tag detect: []
INFO:root:Check condition for Index[1.GuiderGui][LeftDownArrow]
DEBUG:root:tag require:100/100 of [u'GuiderGui', u'gLeftDownArrow']
DEBUG:root:tag detect: []
INFO:root:Check condition for Index[1.GuiderGui][RightDownArrow]
DEBUG:root:tag require:100/100 of [u'GuiderGui', u'gRightDownArrow']
DEBUG:root:tag detect: []
INFO:root:Check condition for Index[2.MainGui][Default]
DEBUG:root:tag require:100/100 of [u'Actor', u'mVIPLevel', u'mBag']
DEBUG:root:tag detect: []
DEBUG:root:tag require:30/100 of [u'Actor', u'mVIPLevel', u'mBag', u'mTeam', u'mPowerScore', u'mBeStronger', u'mMIC', u'mChat', u'mBroadcast', u'mLock', u'mCamera', u'mRide', u'mFriend', u'mTimeState', u'mExpStat', u'mMap', u'mMail', u'mBlood', u'mMagic', u'mProfile', u'mTask', u'mTeamInfo', u'mTaskMajorInfo', u'mTaskOtherInfo', u'mHideTaskCtl', u'mActorLevel', u'gWonderActive', u'gFirstPayGift', u'gGift', u'gActive', u'gSocial', u'gOpenGift', u'gOpenParty', u'mKillState', u'gControlA']
DEBUG:root:tag detect: []
INFO:root:Check condition for Index[3.DialogGui][Default]
DEBUG:root:tag require:100/100 of [u'DialogGui', u'dConfirm']
DEBUG:root:tag detect: []
DEBUG:root:tag require:100/100 of [u'DialogGui', u'dNext']
DEBUG:root:tag detect: []
DEBUG:root:tag require:100/100 of [u'MovieGui', u'dConfirm']
DEBUG:root:tag detect: []
DEBUG:root:tag require:100/100 of [u'MovieGui', u'dNext']
DEBUG:root:tag detect: []
DEBUG:root:Detection of detecting image time: 4.585990
DEBUG:PIL.PngImagePlugin:STREAM 'IHDR' 16 13
DEBUG:PIL.PngImagePlugin:STREAM 'IDAT' 41 1216
DEBUG:PIL.PngImagePlugin:STREAM 'IHDR' 16 13
DEBUG:PIL.PngImagePlugin:STREAM 'IDAT' 41 1216
DEBUG:PIL.PngImagePlugin:STREAM 'IHDR' 16 13
DEBUG:PIL.PngImagePlugin:STREAM 'IDAT' 41 1216
INFO:root:Loop the Index book
INFO:root:Check condition for Index[1.GuiderGui][LeftArrow]
DEBUG:root:tag require:100/100 of [u'GuiderGui', u'gLeftArrow']
DEBUG:root:tag detect: []
INFO:root:Check condition for Index[1.GuiderGui][RightArrow]
DEBUG:root:tag require:100/100 of [u'GuiderGui', u'gRightArrow']
DEBUG:root:tag detect: []
INFO:root:Check condition for Index[1.GuiderGui][UpArrow]
DEBUG:root:tag require:100/100 of [u'GuiderGui', u'gUpArrow']
DEBUG:root:tag detect: []
INFO:root:Check condition for Index[1.GuiderGui][DownArrow]
DEBUG:root:tag require:100/100 of [u'GuiderGui', u'gDownArrow']
DEBUG:root:tag detect: []
INFO:root:Check condition for Index[1.GuiderGui][LeftUpArrow]
DEBUG:root:tag require:100/100 of [u'GuiderGui', u'gLeftUpArrow']
DEBUG:root:tag detect: []
INFO:root:Check condition for Index[1.GuiderGui][RightUpArrow]
DEBUG:root:tag require:100/100 of [u'GuiderGui', u'gRightUpArrow']
DEBUG:root:tag detect: []
INFO:root:Check condition for Index[1.GuiderGui][LeftDownArrow]
DEBUG:root:tag require:100/100 of [u'GuiderGui', u'gLeftDownArrow']
DEBUG:root:tag detect: []
INFO:root:Check condition for Index[1.GuiderGui][RightDownArrow]
DEBUG:root:tag require:100/100 of [u'GuiderGui', u'gRightDownArrow']
DEBUG:root:tag detect: []
INFO:root:Check condition for Index[2.MainGui][Default]
DEBUG:root:tag require:100/100 of [u'Actor', u'mVIPLevel', u'mBag']
DEBUG:root:tag detect: []
DEBUG:root:tag require:30/100 of [u'Actor', u'mVIPLevel', u'mBag', u'mTeam', u'mPowerScore', u'mBeStronger', u'mMIC', u'mChat', u'mBroadcast', u'mLock', u'mCamera', u'mRide', u'mFriend', u'mTimeState', u'mExpStat', u'mMap', u'mMail', u'mBlood', u'mMagic', u'mProfile', u'mTask', u'mTeamInfo', u'mTaskMajorInfo', u'mTaskOtherInfo', u'mHideTaskCtl', u'mActorLevel', u'gWonderActive', u'gFirstPayGift', u'gGift', u'gActive', u'gSocial', u'gOpenGift', u'gOpenParty', u'mKillState', u'gControlA']
DEBUG:root:tag detect: []
INFO:root:Check condition for Index[3.DialogGui][Default]
DEBUG:root:tag require:100/100 of [u'DialogGui', u'dConfirm']
DEBUG:root:tag detect: []
DEBUG:root:tag require:100/100 of [u'DialogGui', u'dNext']
DEBUG:root:tag detect: []
DEBUG:root:tag require:100/100 of [u'MovieGui', u'dConfirm']
DEBUG:root:tag detect: []
DEBUG:root:tag require:100/100 of [u'MovieGui', u'dNext']
DEBUG:root:tag detect: []
DEBUG:PIL.PngImagePlugin:STREAM 'IHDR' 16 13
DEBUG:PIL.PngImagePlugin:STREAM 'sBIT' 41 4
DEBUG:PIL.PngImagePlugin:'sBIT' 41 4 (unknown)
DEBUG:PIL.PngImagePlugin:STREAM 'IDAT' 57 8192
INFO:root:Loop the Index book
INFO:root:Check condition for Index[1.GuiderGui][LeftArrow]
DEBUG:root:tag require:100/100 of [u'GuiderGui', u'gLeftArrow']
DEBUG:root:tag detect: []
INFO:root:Check condition for Index[1.GuiderGui][RightArrow]
DEBUG:root:tag require:100/100 of [u'GuiderGui', u'gRightArrow']
DEBUG:root:tag detect: []
INFO:root:Check condition for Index[1.GuiderGui][UpArrow]
DEBUG:root:tag require:100/100 of [u'GuiderGui', u'gUpArrow']
DEBUG:root:tag detect: []
INFO:root:Check condition for Index[1.GuiderGui][DownArrow]
DEBUG:root:tag require:100/100 of [u'GuiderGui', u'gDownArrow']
DEBUG:root:tag detect: []
INFO:root:Check condition for Index[1.GuiderGui][LeftUpArrow]
DEBUG:root:tag require:100/100 of [u'GuiderGui', u'gLeftUpArrow']
DEBUG:root:tag detect: []
INFO:root:Check condition for Index[1.GuiderGui][RightUpArrow]
DEBUG:root:tag require:100/100 of [u'GuiderGui', u'gRightUpArrow']
DEBUG:root:tag detect: []
INFO:root:Check condition for Index[1.GuiderGui][LeftDownArrow]
DEBUG:root:tag require:100/100 of [u'GuiderGui', u'gLeftDownArrow']
DEBUG:root:tag detect: []
INFO:root:Check condition for Index[1.GuiderGui][RightDownArrow]
DEBUG:root:tag require:100/100 of [u'GuiderGui', u'gRightDownArrow']
DEBUG:root:tag detect: []
INFO:root:Check condition for Index[2.MainGui][Default]
DEBUG:root:tag require:100/100 of [u'Actor', u'mVIPLevel', u'mBag']
DEBUG:root:tag detect: []
DEBUG:root:tag require:30/100 of [u'Actor', u'mVIPLevel', u'mBag', u'mTeam', u'mPowerScore', u'mBeStronger', u'mMIC', u'mChat', u'mBroadcast', u'mLock', u'mCamera', u'mRide', u'mFriend', u'mTimeState', u'mExpStat', u'mMap', u'mMail', u'mBlood', u'mMagic', u'mProfile', u'mTask', u'mTeamInfo', u'mTaskMajorInfo', u'mTaskOtherInfo', u'mHideTaskCtl', u'mActorLevel', u'gWonderActive', u'gFirstPayGift', u'gGift', u'gActive', u'gSocial', u'gOpenGift', u'gOpenParty', u'mKillState', u'gControlA']
DEBUG:root:tag detect: []
INFO:root:Check condition for Index[3.DialogGui][Default]
DEBUG:root:tag require:100/100 of [u'DialogGui', u'dConfirm']
DEBUG:root:tag detect: []
DEBUG:root:tag require:100/100 of [u'DialogGui', u'dNext']
DEBUG:root:tag detect: []
DEBUG:root:tag require:100/100 of [u'MovieGui', u'dConfirm']
DEBUG:root:tag detect: []
DEBUG:root:tag require:100/100 of [u'MovieGui', u'dNext']
DEBUG:root:tag detect: []
DEBUG:root:Detection of loading image time: 1.213660
INFO:root:Loop the Index book
INFO:root:Check condition for Index[1.GuiderGui][LeftArrow]
DEBUG:root:tag require:100/100 of [u'GuiderGui', u'gLeftArrow']
DEBUG:root:tag detect: []
INFO:root:Check condition for Index[1.GuiderGui][RightArrow]
DEBUG:root:tag require:100/100 of [u'GuiderGui', u'gRightArrow']
DEBUG:root:tag detect: []
INFO:root:Check condition for Index[1.GuiderGui][UpArrow]
DEBUG:root:tag require:100/100 of [u'GuiderGui', u'gUpArrow']
DEBUG:root:tag detect: []
INFO:root:Check condition for Index[1.GuiderGui][DownArrow]
DEBUG:root:tag require:100/100 of [u'GuiderGui', u'gDownArrow']
DEBUG:root:tag detect: []
INFO:root:Check condition for Index[1.GuiderGui][LeftUpArrow]
DEBUG:root:tag require:100/100 of [u'GuiderGui', u'gLeftUpArrow']
DEBUG:root:tag detect: []
INFO:root:Check condition for Index[1.GuiderGui][RightUpArrow]
DEBUG:root:tag require:100/100 of [u'GuiderGui', u'gRightUpArrow']
DEBUG:root:tag detect: []
INFO:root:Check condition for Index[1.GuiderGui][LeftDownArrow]
DEBUG:root:tag require:100/100 of [u'GuiderGui', u'gLeftDownArrow']
DEBUG:root:tag detect: []
INFO:root:Check condition for Index[1.GuiderGui][RightDownArrow]
DEBUG:root:tag require:100/100 of [u'GuiderGui', u'gRightDownArrow']
DEBUG:root:tag detect: []
INFO:root:Check condition for Index[2.MainGui][Default]
DEBUG:root:tag require:100/100 of [u'Actor', u'mVIPLevel', u'mBag']
DEBUG:root:tag detect: []
DEBUG:root:tag require:30/100 of [u'Actor', u'mVIPLevel', u'mBag', u'mTeam', u'mPowerScore', u'mBeStronger', u'mMIC', u'mChat', u'mBroadcast', u'mLock', u'mCamera', u'mRide', u'mFriend', u'mTimeState', u'mExpStat', u'mMap', u'mMail', u'mBlood', u'mMagic', u'mProfile', u'mTask', u'mTeamInfo', u'mTaskMajorInfo', u'mTaskOtherInfo', u'mHideTaskCtl', u'mActorLevel', u'gWonderActive', u'gFirstPayGift', u'gGift', u'gActive', u'gSocial', u'gOpenGift', u'gOpenParty', u'mKillState', u'gControlA']
DEBUG:root:tag detect: []
INFO:root:Check condition for Index[3.DialogGui][Default]
DEBUG:root:tag require:100/100 of [u'DialogGui', u'dConfirm']
DEBUG:root:tag detect: []
DEBUG:root:tag require:100/100 of [u'DialogGui', u'dNext']
DEBUG:root:tag detect: []
DEBUG:root:tag require:100/100 of [u'MovieGui', u'dConfirm']
DEBUG:root:tag detect: []
DEBUG:root:tag require:100/100 of [u'MovieGui', u'dNext']
DEBUG:root:tag detect: []
INFO:root:Loop the Index book
INFO:root:Check condition for Index[1.GuiderGui][LeftArrow]
DEBUG:root:tag require:100/100 of [u'GuiderGui', u'gLeftArrow']
DEBUG:root:tag detect: []
INFO:root:Check condition for Index[1.GuiderGui][RightArrow]
DEBUG:root:tag require:100/100 of [u'GuiderGui', u'gRightArrow']
DEBUG:root:tag detect: []
INFO:root:Check condition for Index[1.GuiderGui][UpArrow]
DEBUG:root:tag require:100/100 of [u'GuiderGui', u'gUpArrow']
DEBUG:root:tag detect: []
INFO:root:Check condition for Index[1.GuiderGui][DownArrow]
DEBUG:root:tag require:100/100 of [u'GuiderGui', u'gDownArrow']
DEBUG:root:tag detect: []
INFO:root:Check condition for Index[1.GuiderGui][LeftUpArrow]
DEBUG:root:tag require:100/100 of [u'GuiderGui', u'gLeftUpArrow']
DEBUG:root:tag detect: []
INFO:root:Check condition for Index[1.GuiderGui][RightUpArrow]
DEBUG:root:tag require:100/100 of [u'GuiderGui', u'gRightUpArrow']
DEBUG:root:tag detect: []
INFO:root:Check condition for Index[1.GuiderGui][LeftDownArrow]
DEBUG:root:tag require:100/100 of [u'GuiderGui', u'gLeftDownArrow']
DEBUG:root:tag detect: []
INFO:root:Check condition for Index[1.GuiderGui][RightDownArrow]
DEBUG:root:tag require:100/100 of [u'GuiderGui', u'gRightDownArrow']
DEBUG:root:tag detect: []
INFO:root:Check condition for Index[2.MainGui][Default]
DEBUG:root:tag require:100/100 of [u'Actor', u'mVIPLevel', u'mBag']
DEBUG:root:tag detect: []
DEBUG:root:tag require:30/100 of [u'Actor', u'mVIPLevel', u'mBag', u'mTeam', u'mPowerScore', u'mBeStronger', u'mMIC', u'mChat', u'mBroadcast', u'mLock', u'mCamera', u'mRide', u'mFriend', u'mTimeState', u'mExpStat', u'mMap', u'mMail', u'mBlood', u'mMagic', u'mProfile', u'mTask', u'mTeamInfo', u'mTaskMajorInfo', u'mTaskOtherInfo', u'mHideTaskCtl', u'mActorLevel', u'gWonderActive', u'gFirstPayGift', u'gGift', u'gActive', u'gSocial', u'gOpenGift', u'gOpenParty', u'mKillState', u'gControlA']
DEBUG:root:tag detect: []
INFO:root:Check condition for Index[3.DialogGui][Default]
DEBUG:root:tag require:100/100 of [u'DialogGui', u'dConfirm']
DEBUG:root:tag detect: []
DEBUG:root:tag require:100/100 of [u'DialogGui', u'dNext']
DEBUG:root:tag detect: []
DEBUG:root:tag require:100/100 of [u'MovieGui', u'dConfirm']
DEBUG:root:tag detect: []
DEBUG:root:tag require:100/100 of [u'MovieGui', u'dNext']
DEBUG:root:tag detect: []
INFO:root:Loop the Index book
INFO:root:Check condition for Index[1.GuiderGui][LeftArrow]
DEBUG:root:tag require:100/100 of [u'GuiderGui', u'gLeftArrow']
DEBUG:root:tag detect: []
INFO:root:Check condition for Index[1.GuiderGui][RightArrow]
DEBUG:root:tag require:100/100 of [u'GuiderGui', u'gRightArrow']
DEBUG:root:tag detect: []
INFO:root:Check condition for Index[1.GuiderGui][UpArrow]
DEBUG:root:tag require:100/100 of [u'GuiderGui', u'gUpArrow']
DEBUG:root:tag detect: []
INFO:root:Check condition for Index[1.GuiderGui][DownArrow]
DEBUG:root:tag require:100/100 of [u'GuiderGui', u'gDownArrow']
DEBUG:root:tag detect: []
INFO:root:Check condition for Index[1.GuiderGui][LeftUpArrow]
DEBUG:root:tag require:100/100 of [u'GuiderGui', u'gLeftUpArrow']
DEBUG:root:tag detect: []
INFO:root:Check condition for Index[1.GuiderGui][RightUpArrow]
DEBUG:root:tag require:100/100 of [u'GuiderGui', u'gRightUpArrow']
DEBUG:root:tag detect: []
INFO:root:Check condition for Index[1.GuiderGui][LeftDownArrow]
DEBUG:root:tag require:100/100 of [u'GuiderGui', u'gLeftDownArrow']
DEBUG:root:tag detect: []
INFO:root:Check condition for Index[1.GuiderGui][RightDownArrow]
DEBUG:root:tag require:100/100 of [u'GuiderGui', u'gRightDownArrow']
DEBUG:root:tag detect: []
INFO:root:Check condition for Index[2.MainGui][Default]
DEBUG:root:tag require:100/100 of [u'Actor', u'mVIPLevel', u'mBag']
DEBUG:root:tag detect: []
DEBUG:root:tag require:30/100 of [u'Actor', u'mVIPLevel', u'mBag', u'mTeam', u'mPowerScore', u'mBeStronger', u'mMIC', u'mChat', u'mBroadcast', u'mLock', u'mCamera', u'mRide', u'mFriend', u'mTimeState', u'mExpStat', u'mMap', u'mMail', u'mBlood', u'mMagic', u'mProfile', u'mTask', u'mTeamInfo', u'mTaskMajorInfo', u'mTaskOtherInfo', u'mHideTaskCtl', u'mActorLevel', u'gWonderActive', u'gFirstPayGift', u'gGift', u'gActive', u'gSocial', u'gOpenGift', u'gOpenParty', u'mKillState', u'gControlA']
DEBUG:root:tag detect: []
INFO:root:Check condition for Index[3.DialogGui][Default]
DEBUG:root:tag require:100/100 of [u'DialogGui', u'dConfirm']
DEBUG:root:tag detect: []
DEBUG:root:tag require:100/100 of [u'DialogGui', u'dNext']
DEBUG:root:tag detect: []
DEBUG:root:tag require:100/100 of [u'MovieGui', u'dConfirm']
DEBUG:root:tag detect: []
DEBUG:root:tag require:100/100 of [u'MovieGui', u'dNext']
DEBUG:root:tag detect: []
INFO:root:Loop the Index book
INFO:root:Check condition for Index[1.GuiderGui][LeftArrow]
DEBUG:root:tag require:100/100 of [u'GuiderGui', u'gLeftArrow']
DEBUG:root:tag detect: []
INFO:root:Check condition for Index[1.GuiderGui][RightArrow]
DEBUG:root:tag require:100/100 of [u'GuiderGui', u'gRightArrow']
DEBUG:root:tag detect: []
INFO:root:Check condition for Index[1.GuiderGui][UpArrow]
DEBUG:root:tag require:100/100 of [u'GuiderGui', u'gUpArrow']
DEBUG:root:tag detect: []
INFO:root:Check condition for Index[1.GuiderGui][DownArrow]
DEBUG:root:tag require:100/100 of [u'GuiderGui', u'gDownArrow']
DEBUG:root:tag detect: []
INFO:root:Check condition for Index[1.GuiderGui][LeftUpArrow]
DEBUG:root:tag require:100/100 of [u'GuiderGui', u'gLeftUpArrow']
DEBUG:root:tag detect: []
INFO:root:Check condition for Index[1.GuiderGui][RightUpArrow]
DEBUG:root:tag require:100/100 of [u'GuiderGui', u'gRightUpArrow']
DEBUG:root:tag detect: []
INFO:root:Check condition for Index[1.GuiderGui][LeftDownArrow]
DEBUG:root:tag require:100/100 of [u'GuiderGui', u'gLeftDownArrow']
DEBUG:root:tag detect: []
INFO:root:Check condition for Index[1.GuiderGui][RightDownArrow]
DEBUG:root:tag require:100/100 of [u'GuiderGui', u'gRightDownArrow']
DEBUG:root:tag detect: []
INFO:root:Check condition for Index[2.MainGui][Default]
DEBUG:root:tag require:100/100 of [u'Actor', u'mVIPLevel', u'mBag']
DEBUG:root:tag detect: []
DEBUG:root:tag require:30/100 of [u'Actor', u'mVIPLevel', u'mBag', u'mTeam', u'mPowerScore', u'mBeStronger', u'mMIC', u'mChat', u'mBroadcast', u'mLock', u'mCamera', u'mRide', u'mFriend', u'mTimeState', u'mExpStat', u'mMap', u'mMail', u'mBlood', u'mMagic', u'mProfile', u'mTask', u'mTeamInfo', u'mTaskMajorInfo', u'mTaskOtherInfo', u'mHideTaskCtl', u'mActorLevel', u'gWonderActive', u'gFirstPayGift', u'gGift', u'gActive', u'gSocial', u'gOpenGift', u'gOpenParty', u'mKillState', u'gControlA']
DEBUG:root:tag detect: []
INFO:root:Check condition for Index[3.DialogGui][Default]
DEBUG:root:tag require:100/100 of [u'DialogGui', u'dConfirm']
DEBUG:root:tag detect: []
DEBUG:root:tag require:100/100 of [u'DialogGui', u'dNext']
DEBUG:root:tag detect: []
DEBUG:root:tag require:100/100 of [u'MovieGui', u'dConfirm']
DEBUG:root:tag detect: []
DEBUG:root:tag require:100/100 of [u'MovieGui', u'dNext']
DEBUG:root:tag detect: []
DEBUG:root:Detection of detecting image time: 4.589506
DEBUG:PIL.PngImagePlugin:STREAM 'IHDR' 16 13
DEBUG:PIL.PngImagePlugin:STREAM 'IDAT' 41 1216
DEBUG:PIL.PngImagePlugin:STREAM 'IHDR' 16 13
DEBUG:PIL.PngImagePlugin:STREAM 'IDAT' 41 1216
DEBUG:PIL.PngImagePlugin:STREAM 'IHDR' 16 13
DEBUG:PIL.PngImagePlugin:STREAM 'IDAT' 41 1216
INFO:root:Loop the Index book
INFO:root:Check condition for Index[1.GuiderGui][LeftArrow]
DEBUG:root:tag require:100/100 of [u'GuiderGui', u'gLeftArrow']
DEBUG:root:tag detect: []
INFO:root:Check condition for Index[1.GuiderGui][RightArrow]
DEBUG:root:tag require:100/100 of [u'GuiderGui', u'gRightArrow']
DEBUG:root:tag detect: []
INFO:root:Check condition for Index[1.GuiderGui][UpArrow]
DEBUG:root:tag require:100/100 of [u'GuiderGui', u'gUpArrow']
DEBUG:root:tag detect: []
INFO:root:Check condition for Index[1.GuiderGui][DownArrow]
DEBUG:root:tag require:100/100 of [u'GuiderGui', u'gDownArrow']
DEBUG:root:tag detect: []
INFO:root:Check condition for Index[1.GuiderGui][LeftUpArrow]
DEBUG:root:tag require:100/100 of [u'GuiderGui', u'gLeftUpArrow']
DEBUG:root:tag detect: []
INFO:root:Check condition for Index[1.GuiderGui][RightUpArrow]
DEBUG:root:tag require:100/100 of [u'GuiderGui', u'gRightUpArrow']
DEBUG:root:tag detect: []
INFO:root:Check condition for Index[1.GuiderGui][LeftDownArrow]
DEBUG:root:tag require:100/100 of [u'GuiderGui', u'gLeftDownArrow']
DEBUG:root:tag detect: []
INFO:root:Check condition for Index[1.GuiderGui][RightDownArrow]
DEBUG:root:tag require:100/100 of [u'GuiderGui', u'gRightDownArrow']
DEBUG:root:tag detect: []
INFO:root:Check condition for Index[2.MainGui][Default]
DEBUG:root:tag require:100/100 of [u'Actor', u'mVIPLevel', u'mBag']
DEBUG:root:tag detect: []
DEBUG:root:tag require:30/100 of [u'Actor', u'mVIPLevel', u'mBag', u'mTeam', u'mPowerScore', u'mBeStronger', u'mMIC', u'mChat', u'mBroadcast', u'mLock', u'mCamera', u'mRide', u'mFriend', u'mTimeState', u'mExpStat', u'mMap', u'mMail', u'mBlood', u'mMagic', u'mProfile', u'mTask', u'mTeamInfo', u'mTaskMajorInfo', u'mTaskOtherInfo', u'mHideTaskCtl', u'mActorLevel', u'gWonderActive', u'gFirstPayGift', u'gGift', u'gActive', u'gSocial', u'gOpenGift', u'gOpenParty', u'mKillState', u'gControlA']
DEBUG:root:tag detect: []
INFO:root:Check condition for Index[3.DialogGui][Default]
DEBUG:root:tag require:100/100 of [u'DialogGui', u'dConfirm']
DEBUG:root:tag detect: []
DEBUG:root:tag require:100/100 of [u'DialogGui', u'dNext']
DEBUG:root:tag detect: []
DEBUG:root:tag require:100/100 of [u'MovieGui', u'dConfirm']
DEBUG:root:tag detect: []
DEBUG:root:tag require:100/100 of [u'MovieGui', u'dNext']
DEBUG:root:tag detect: []
DEBUG:PIL.PngImagePlugin:STREAM 'IHDR' 16 13
DEBUG:PIL.PngImagePlugin:STREAM 'sBIT' 41 4
DEBUG:PIL.PngImagePlugin:'sBIT' 41 4 (unknown)
DEBUG:PIL.PngImagePlugin:STREAM 'IDAT' 57 8192
INFO:root:Loop the Index book
INFO:root:Check condition for Index[1.GuiderGui][LeftArrow]
DEBUG:root:tag require:100/100 of [u'GuiderGui', u'gLeftArrow']
DEBUG:root:tag detect: []
INFO:root:Check condition for Index[1.GuiderGui][RightArrow]
DEBUG:root:tag require:100/100 of [u'GuiderGui', u'gRightArrow']
DEBUG:root:tag detect: []
INFO:root:Check condition for Index[1.GuiderGui][UpArrow]
DEBUG:root:tag require:100/100 of [u'GuiderGui', u'gUpArrow']
DEBUG:root:tag detect: []
INFO:root:Check condition for Index[1.GuiderGui][DownArrow]
DEBUG:root:tag require:100/100 of [u'GuiderGui', u'gDownArrow']
DEBUG:root:tag detect: []
INFO:root:Check condition for Index[1.GuiderGui][LeftUpArrow]
DEBUG:root:tag require:100/100 of [u'GuiderGui', u'gLeftUpArrow']
DEBUG:root:tag detect: []
INFO:root:Check condition for Index[1.GuiderGui][RightUpArrow]
DEBUG:root:tag require:100/100 of [u'GuiderGui', u'gRightUpArrow']
DEBUG:root:tag detect: []
INFO:root:Check condition for Index[1.GuiderGui][LeftDownArrow]
DEBUG:root:tag require:100/100 of [u'GuiderGui', u'gLeftDownArrow']
DEBUG:root:tag detect: []
INFO:root:Check condition for Index[1.GuiderGui][RightDownArrow]
DEBUG:root:tag require:100/100 of [u'GuiderGui', u'gRightDownArrow']
DEBUG:root:tag detect: []
INFO:root:Check condition for Index[2.MainGui][Default]
DEBUG:root:tag require:100/100 of [u'Actor', u'mVIPLevel', u'mBag']
DEBUG:root:tag detect: []
DEBUG:root:tag require:30/100 of [u'Actor', u'mVIPLevel', u'mBag', u'mTeam', u'mPowerScore', u'mBeStronger', u'mMIC', u'mChat', u'mBroadcast', u'mLock', u'mCamera', u'mRide', u'mFriend', u'mTimeState', u'mExpStat', u'mMap', u'mMail', u'mBlood', u'mMagic', u'mProfile', u'mTask', u'mTeamInfo', u'mTaskMajorInfo', u'mTaskOtherInfo', u'mHideTaskCtl', u'mActorLevel', u'gWonderActive', u'gFirstPayGift', u'gGift', u'gActive', u'gSocial', u'gOpenGift', u'gOpenParty', u'mKillState', u'gControlA']
DEBUG:root:tag detect: []
INFO:root:Check condition for Index[3.DialogGui][Default]
DEBUG:root:tag require:100/100 of [u'DialogGui', u'dConfirm']
DEBUG:root:tag detect: []
DEBUG:root:tag require:100/100 of [u'DialogGui', u'dNext']
DEBUG:root:tag detect: []
DEBUG:root:tag require:100/100 of [u'MovieGui', u'dConfirm']
DEBUG:root:tag detect: []
DEBUG:root:tag require:100/100 of [u'MovieGui', u'dNext']
DEBUG:root:tag detect: []
DEBUG:root:Detection of loading image time: 1.198715
INFO:root:Loop the Index book
INFO:root:Check condition for Index[1.GuiderGui][LeftArrow]
DEBUG:root:tag require:100/100 of [u'GuiderGui', u'gLeftArrow']
DEBUG:root:tag detect: []
INFO:root:Check condition for Index[1.GuiderGui][RightArrow]
DEBUG:root:tag require:100/100 of [u'GuiderGui', u'gRightArrow']
DEBUG:root:tag detect: []
INFO:root:Check condition for Index[1.GuiderGui][UpArrow]
DEBUG:root:tag require:100/100 of [u'GuiderGui', u'gUpArrow']
DEBUG:root:tag detect: []
INFO:root:Check condition for Index[1.GuiderGui][DownArrow]
DEBUG:root:tag require:100/100 of [u'GuiderGui', u'gDownArrow']
DEBUG:root:tag detect: []
INFO:root:Check condition for Index[1.GuiderGui][LeftUpArrow]
DEBUG:root:tag require:100/100 of [u'GuiderGui', u'gLeftUpArrow']
DEBUG:root:tag detect: []
INFO:root:Check condition for Index[1.GuiderGui][RightUpArrow]
DEBUG:root:tag require:100/100 of [u'GuiderGui', u'gRightUpArrow']
DEBUG:root:tag detect: []
INFO:root:Check condition for Index[1.GuiderGui][LeftDownArrow]
DEBUG:root:tag require:100/100 of [u'GuiderGui', u'gLeftDownArrow']
DEBUG:root:tag detect: []
INFO:root:Check condition for Index[1.GuiderGui][RightDownArrow]
DEBUG:root:tag require:100/100 of [u'GuiderGui', u'gRightDownArrow']
DEBUG:root:tag detect: []
INFO:root:Check condition for Index[2.MainGui][Default]
DEBUG:root:tag require:100/100 of [u'Actor', u'mVIPLevel', u'mBag']
DEBUG:root:tag detect: []
DEBUG:root:tag require:30/100 of [u'Actor', u'mVIPLevel', u'mBag', u'mTeam', u'mPowerScore', u'mBeStronger', u'mMIC', u'mChat', u'mBroadcast', u'mLock', u'mCamera', u'mRide', u'mFriend', u'mTimeState', u'mExpStat', u'mMap', u'mMail', u'mBlood', u'mMagic', u'mProfile', u'mTask', u'mTeamInfo', u'mTaskMajorInfo', u'mTaskOtherInfo', u'mHideTaskCtl', u'mActorLevel', u'gWonderActive', u'gFirstPayGift', u'gGift', u'gActive', u'gSocial', u'gOpenGift', u'gOpenParty', u'mKillState', u'gControlA']
DEBUG:root:tag detect: []
INFO:root:Check condition for Index[3.DialogGui][Default]
DEBUG:root:tag require:100/100 of [u'DialogGui', u'dConfirm']
DEBUG:root:tag detect: []
DEBUG:root:tag require:100/100 of [u'DialogGui', u'dNext']
DEBUG:root:tag detect: []
DEBUG:root:tag require:100/100 of [u'MovieGui', u'dConfirm']
DEBUG:root:tag detect: []
DEBUG:root:tag require:100/100 of [u'MovieGui', u'dNext']
DEBUG:root:tag detect: []
INFO:root:Loop the Index book
INFO:root:Check condition for Index[1.GuiderGui][LeftArrow]
DEBUG:root:tag require:100/100 of [u'GuiderGui', u'gLeftArrow']
DEBUG:root:tag detect: []
INFO:root:Check condition for Index[1.GuiderGui][RightArrow]
DEBUG:root:tag require:100/100 of [u'GuiderGui', u'gRightArrow']
DEBUG:root:tag detect: []
INFO:root:Check condition for Index[1.GuiderGui][UpArrow]
DEBUG:root:tag require:100/100 of [u'GuiderGui', u'gUpArrow']
DEBUG:root:tag detect: []
INFO:root:Check condition for Index[1.GuiderGui][DownArrow]
DEBUG:root:tag require:100/100 of [u'GuiderGui', u'gDownArrow']
DEBUG:root:tag detect: []
INFO:root:Check condition for Index[1.GuiderGui][LeftUpArrow]
DEBUG:root:tag require:100/100 of [u'GuiderGui', u'gLeftUpArrow']
DEBUG:root:tag detect: []
INFO:root:Check condition for Index[1.GuiderGui][RightUpArrow]
DEBUG:root:tag require:100/100 of [u'GuiderGui', u'gRightUpArrow']
DEBUG:root:tag detect: []
INFO:root:Check condition for Index[1.GuiderGui][LeftDownArrow]
DEBUG:root:tag require:100/100 of [u'GuiderGui', u'gLeftDownArrow']
DEBUG:root:tag detect: []
INFO:root:Check condition for Index[1.GuiderGui][RightDownArrow]
DEBUG:root:tag require:100/100 of [u'GuiderGui', u'gRightDownArrow']
DEBUG:root:tag detect: []
INFO:root:Check condition for Index[2.MainGui][Default]
DEBUG:root:tag require:100/100 of [u'Actor', u'mVIPLevel', u'mBag']
DEBUG:root:tag detect: []
DEBUG:root:tag require:30/100 of [u'Actor', u'mVIPLevel', u'mBag', u'mTeam', u'mPowerScore', u'mBeStronger', u'mMIC', u'mChat', u'mBroadcast', u'mLock', u'mCamera', u'mRide', u'mFriend', u'mTimeState', u'mExpStat', u'mMap', u'mMail', u'mBlood', u'mMagic', u'mProfile', u'mTask', u'mTeamInfo', u'mTaskMajorInfo', u'mTaskOtherInfo', u'mHideTaskCtl', u'mActorLevel', u'gWonderActive', u'gFirstPayGift', u'gGift', u'gActive', u'gSocial', u'gOpenGift', u'gOpenParty', u'mKillState', u'gControlA']
DEBUG:root:tag detect: []
INFO:root:Check condition for Index[3.DialogGui][Default]
DEBUG:root:tag require:100/100 of [u'DialogGui', u'dConfirm']
DEBUG:root:tag detect: []
DEBUG:root:tag require:100/100 of [u'DialogGui', u'dNext']
DEBUG:root:tag detect: []
DEBUG:root:tag require:100/100 of [u'MovieGui', u'dConfirm']
DEBUG:root:tag detect: []
DEBUG:root:tag require:100/100 of [u'MovieGui', u'dNext']
DEBUG:root:tag detect: []
INFO:root:Loop the Index book
INFO:root:Check condition for Index[1.GuiderGui][LeftArrow]
DEBUG:root:tag require:100/100 of [u'GuiderGui', u'gLeftArrow']
DEBUG:root:tag detect: []
INFO:root:Check condition for Index[1.GuiderGui][RightArrow]
DEBUG:root:tag require:100/100 of [u'GuiderGui', u'gRightArrow']
DEBUG:root:tag detect: []
INFO:root:Check condition for Index[1.GuiderGui][UpArrow]
DEBUG:root:tag require:100/100 of [u'GuiderGui', u'gUpArrow']
DEBUG:root:tag detect: []
INFO:root:Check condition for Index[1.GuiderGui][DownArrow]
DEBUG:root:tag require:100/100 of [u'GuiderGui', u'gDownArrow']
DEBUG:root:tag detect: []
INFO:root:Check condition for Index[1.GuiderGui][LeftUpArrow]
DEBUG:root:tag require:100/100 of [u'GuiderGui', u'gLeftUpArrow']
DEBUG:root:tag detect: []
INFO:root:Check condition for Index[1.GuiderGui][RightUpArrow]
DEBUG:root:tag require:100/100 of [u'GuiderGui', u'gRightUpArrow']
DEBUG:root:tag detect: []
INFO:root:Check condition for Index[1.GuiderGui][LeftDownArrow]
DEBUG:root:tag require:100/100 of [u'GuiderGui', u'gLeftDownArrow']
DEBUG:root:tag detect: []
INFO:root:Check condition for Index[1.GuiderGui][RightDownArrow]
DEBUG:root:tag require:100/100 of [u'GuiderGui', u'gRightDownArrow']
DEBUG:root:tag detect: []
INFO:root:Check condition for Index[2.MainGui][Default]
DEBUG:root:tag require:100/100 of [u'Actor', u'mVIPLevel', u'mBag']
DEBUG:root:tag detect: []
DEBUG:root:tag require:30/100 of [u'Actor', u'mVIPLevel', u'mBag', u'mTeam', u'mPowerScore', u'mBeStronger', u'mMIC', u'mChat', u'mBroadcast', u'mLock', u'mCamera', u'mRide', u'mFriend', u'mTimeState', u'mExpStat', u'mMap', u'mMail', u'mBlood', u'mMagic', u'mProfile', u'mTask', u'mTeamInfo', u'mTaskMajorInfo', u'mTaskOtherInfo', u'mHideTaskCtl', u'mActorLevel', u'gWonderActive', u'gFirstPayGift', u'gGift', u'gActive', u'gSocial', u'gOpenGift', u'gOpenParty', u'mKillState', u'gControlA']
DEBUG:root:tag detect: []
INFO:root:Check condition for Index[3.DialogGui][Default]
DEBUG:root:tag require:100/100 of [u'DialogGui', u'dConfirm']
DEBUG:root:tag detect: []
DEBUG:root:tag require:100/100 of [u'DialogGui', u'dNext']
DEBUG:root:tag detect: []
DEBUG:root:tag require:100/100 of [u'MovieGui', u'dConfirm']
DEBUG:root:tag detect: []
DEBUG:root:tag require:100/100 of [u'MovieGui', u'dNext']
DEBUG:root:tag detect: []
INFO:root:Loop the Index book
INFO:root:Check condition for Index[1.GuiderGui][LeftArrow]
DEBUG:root:tag require:100/100 of [u'GuiderGui', u'gLeftArrow']
DEBUG:root:tag detect: []
INFO:root:Check condition for Index[1.GuiderGui][RightArrow]
DEBUG:root:tag require:100/100 of [u'GuiderGui', u'gRightArrow']
DEBUG:root:tag detect: []
INFO:root:Check condition for Index[1.GuiderGui][UpArrow]
DEBUG:root:tag require:100/100 of [u'GuiderGui', u'gUpArrow']
DEBUG:root:tag detect: []
INFO:root:Check condition for Index[1.GuiderGui][DownArrow]
DEBUG:root:tag require:100/100 of [u'GuiderGui', u'gDownArrow']
DEBUG:root:tag detect: []
INFO:root:Check condition for Index[1.GuiderGui][LeftUpArrow]
DEBUG:root:tag require:100/100 of [u'GuiderGui', u'gLeftUpArrow']
DEBUG:root:tag detect: []
INFO:root:Check condition for Index[1.GuiderGui][RightUpArrow]
DEBUG:root:tag require:100/100 of [u'GuiderGui', u'gRightUpArrow']
DEBUG:root:tag detect: []
INFO:root:Check condition for Index[1.GuiderGui][LeftDownArrow]
DEBUG:root:tag require:100/100 of [u'GuiderGui', u'gLeftDownArrow']
DEBUG:root:tag detect: []
INFO:root:Check condition for Index[1.GuiderGui][RightDownArrow]
DEBUG:root:tag require:100/100 of [u'GuiderGui', u'gRightDownArrow']
DEBUG:root:tag detect: []
INFO:root:Check condition for Index[2.MainGui][Default]
DEBUG:root:tag require:100/100 of [u'Actor', u'mVIPLevel', u'mBag']
DEBUG:root:tag detect: []
DEBUG:root:tag require:30/100 of [u'Actor', u'mVIPLevel', u'mBag', u'mTeam', u'mPowerScore', u'mBeStronger', u'mMIC', u'mChat', u'mBroadcast', u'mLock', u'mCamera', u'mRide', u'mFriend', u'mTimeState', u'mExpStat', u'mMap', u'mMail', u'mBlood', u'mMagic', u'mProfile', u'mTask', u'mTeamInfo', u'mTaskMajorInfo', u'mTaskOtherInfo', u'mHideTaskCtl', u'mActorLevel', u'gWonderActive', u'gFirstPayGift', u'gGift', u'gActive', u'gSocial', u'gOpenGift', u'gOpenParty', u'mKillState', u'gControlA']
DEBUG:root:tag detect: []
INFO:root:Check condition for Index[3.DialogGui][Default]
DEBUG:root:tag require:100/100 of [u'DialogGui', u'dConfirm']
DEBUG:root:tag detect: []
DEBUG:root:tag require:100/100 of [u'DialogGui', u'dNext']
DEBUG:root:tag detect: []
DEBUG:root:tag require:100/100 of [u'MovieGui', u'dConfirm']
DEBUG:root:tag detect: []
DEBUG:root:tag require:100/100 of [u'MovieGui', u'dNext']
DEBUG:root:tag detect: []
INFO:root:Loop the Index book
INFO:root:Check condition for Index[1.GuiderGui][LeftArrow]
DEBUG:root:tag require:100/100 of [u'GuiderGui', u'gLeftArrow']
DEBUG:root:tag detect: []
INFO:root:Check condition for Index[1.GuiderGui][RightArrow]
DEBUG:root:tag require:100/100 of [u'GuiderGui', u'gRightArrow']
DEBUG:root:tag detect: []
INFO:root:Check condition for Index[1.GuiderGui][UpArrow]
DEBUG:root:tag require:100/100 of [u'GuiderGui', u'gUpArrow']
DEBUG:root:tag detect: []
INFO:root:Check condition for Index[1.GuiderGui][DownArrow]
DEBUG:root:tag require:100/100 of [u'GuiderGui', u'gDownArrow']
DEBUG:root:tag detect: []
INFO:root:Check condition for Index[1.GuiderGui][LeftUpArrow]
DEBUG:root:tag require:100/100 of [u'GuiderGui', u'gLeftUpArrow']
DEBUG:root:tag detect: []
INFO:root:Check condition for Index[1.GuiderGui][RightUpArrow]
DEBUG:root:tag require:100/100 of [u'GuiderGui', u'gRightUpArrow']
DEBUG:root:tag detect: []
INFO:root:Check condition for Index[1.GuiderGui][LeftDownArrow]
DEBUG:root:tag require:100/100 of [u'GuiderGui', u'gLeftDownArrow']
DEBUG:root:tag detect: []
INFO:root:Check condition for Index[1.GuiderGui][RightDownArrow]
DEBUG:root:tag require:100/100 of [u'GuiderGui', u'gRightDownArrow']
DEBUG:root:tag detect: []
INFO:root:Check condition for Index[2.MainGui][Default]
DEBUG:root:tag require:100/100 of [u'Actor', u'mVIPLevel', u'mBag']
DEBUG:root:tag detect: []
DEBUG:root:tag require:30/100 of [u'Actor', u'mVIPLevel', u'mBag', u'mTeam', u'mPowerScore', u'mBeStronger', u'mMIC', u'mChat', u'mBroadcast', u'mLock', u'mCamera', u'mRide', u'mFriend', u'mTimeState', u'mExpStat', u'mMap', u'mMail', u'mBlood', u'mMagic', u'mProfile', u'mTask', u'mTeamInfo', u'mTaskMajorInfo', u'mTaskOtherInfo', u'mHideTaskCtl', u'mActorLevel', u'gWonderActive', u'gFirstPayGift', u'gGift', u'gActive', u'gSocial', u'gOpenGift', u'gOpenParty', u'mKillState', u'gControlA']
DEBUG:root:tag detect: []
INFO:root:Check condition for Index[3.DialogGui][Default]
DEBUG:root:tag require:100/100 of [u'DialogGui', u'dConfirm']
DEBUG:root:tag detect: []
DEBUG:root:tag require:100/100 of [u'DialogGui', u'dNext']
DEBUG:root:tag detect: []
DEBUG:root:tag require:100/100 of [u'MovieGui', u'dConfirm']
DEBUG:root:tag detect: []
DEBUG:root:tag require:100/100 of [u'MovieGui', u'dNext']
DEBUG:root:tag detect: []
DEBUG:root:Detection of detecting image time: 4.613541
DEBUG:PIL.PngImagePlugin:STREAM 'IHDR' 16 13
DEBUG:PIL.PngImagePlugin:STREAM 'IDAT' 41 1216
DEBUG:PIL.PngImagePlugin:STREAM 'IHDR' 16 13
DEBUG:PIL.PngImagePlugin:STREAM 'IDAT' 41 1216
DEBUG:PIL.PngImagePlugin:STREAM 'IHDR' 16 13
DEBUG:PIL.PngImagePlugin:STREAM 'IDAT' 41 1216
INFO:root:Loop the Index book
INFO:root:Check condition for Index[1.GuiderGui][LeftArrow]
DEBUG:root:tag require:100/100 of [u'GuiderGui', u'gLeftArrow']
DEBUG:root:tag detect: []
INFO:root:Check condition for Index[1.GuiderGui][RightArrow]
DEBUG:root:tag require:100/100 of [u'GuiderGui', u'gRightArrow']
DEBUG:root:tag detect: []
INFO:root:Check condition for Index[1.GuiderGui][UpArrow]
DEBUG:root:tag require:100/100 of [u'GuiderGui', u'gUpArrow']
DEBUG:root:tag detect: []
INFO:root:Check condition for Index[1.GuiderGui][DownArrow]
DEBUG:root:tag require:100/100 of [u'GuiderGui', u'gDownArrow']
DEBUG:root:tag detect: []
INFO:root:Check condition for Index[1.GuiderGui][LeftUpArrow]
DEBUG:root:tag require:100/100 of [u'GuiderGui', u'gLeftUpArrow']
DEBUG:root:tag detect: []
INFO:root:Check condition for Index[1.GuiderGui][RightUpArrow]
DEBUG:root:tag require:100/100 of [u'GuiderGui', u'gRightUpArrow']
DEBUG:root:tag detect: []
INFO:root:Check condition for Index[1.GuiderGui][LeftDownArrow]
DEBUG:root:tag require:100/100 of [u'GuiderGui', u'gLeftDownArrow']
DEBUG:root:tag detect: []
INFO:root:Check condition for Index[1.GuiderGui][RightDownArrow]
DEBUG:root:tag require:100/100 of [u'GuiderGui', u'gRightDownArrow']
DEBUG:root:tag detect: []
INFO:root:Check condition for Index[2.MainGui][Default]
DEBUG:root:tag require:100/100 of [u'Actor', u'mVIPLevel', u'mBag']
DEBUG:root:tag detect: []
DEBUG:root:tag require:30/100 of [u'Actor', u'mVIPLevel', u'mBag', u'mTeam', u'mPowerScore', u'mBeStronger', u'mMIC', u'mChat', u'mBroadcast', u'mLock', u'mCamera', u'mRide', u'mFriend', u'mTimeState', u'mExpStat', u'mMap', u'mMail', u'mBlood', u'mMagic', u'mProfile', u'mTask', u'mTeamInfo', u'mTaskMajorInfo', u'mTaskOtherInfo', u'mHideTaskCtl', u'mActorLevel', u'gWonderActive', u'gFirstPayGift', u'gGift', u'gActive', u'gSocial', u'gOpenGift', u'gOpenParty', u'mKillState', u'gControlA']
DEBUG:root:tag detect: []
INFO:root:Check condition for Index[3.DialogGui][Default]
DEBUG:root:tag require:100/100 of [u'DialogGui', u'dConfirm']
DEBUG:root:tag detect: []
DEBUG:root:tag require:100/100 of [u'DialogGui', u'dNext']
DEBUG:root:tag detect: []
DEBUG:root:tag require:100/100 of [u'MovieGui', u'dConfirm']
DEBUG:root:tag detect: []
DEBUG:root:tag require:100/100 of [u'MovieGui', u'dNext']
DEBUG:root:tag detect: []
DEBUG:PIL.PngImagePlugin:STREAM 'IHDR' 16 13
DEBUG:PIL.PngImagePlugin:STREAM 'sBIT' 41 4
DEBUG:PIL.PngImagePlugin:'sBIT' 41 4 (unknown)
DEBUG:PIL.PngImagePlugin:STREAM 'IDAT' 57 8192
INFO:root:Loop the Index book
INFO:root:Check condition for Index[1.GuiderGui][LeftArrow]
DEBUG:root:tag require:100/100 of [u'GuiderGui', u'gLeftArrow']
DEBUG:root:tag detect: []
INFO:root:Check condition for Index[1.GuiderGui][RightArrow]
DEBUG:root:tag require:100/100 of [u'GuiderGui', u'gRightArrow']
DEBUG:root:tag detect: []
INFO:root:Check condition for Index[1.GuiderGui][UpArrow]
DEBUG:root:tag require:100/100 of [u'GuiderGui', u'gUpArrow']
DEBUG:root:tag detect: []
INFO:root:Check condition for Index[1.GuiderGui][DownArrow]
DEBUG:root:tag require:100/100 of [u'GuiderGui', u'gDownArrow']
DEBUG:root:tag detect: []
INFO:root:Check condition for Index[1.GuiderGui][LeftUpArrow]
DEBUG:root:tag require:100/100 of [u'GuiderGui', u'gLeftUpArrow']
DEBUG:root:tag detect: []
INFO:root:Check condition for Index[1.GuiderGui][RightUpArrow]
DEBUG:root:tag require:100/100 of [u'GuiderGui', u'gRightUpArrow']
DEBUG:root:tag detect: []
INFO:root:Check condition for Index[1.GuiderGui][LeftDownArrow]
DEBUG:root:tag require:100/100 of [u'GuiderGui', u'gLeftDownArrow']
DEBUG:root:tag detect: []
INFO:root:Check condition for Index[1.GuiderGui][RightDownArrow]
DEBUG:root:tag require:100/100 of [u'GuiderGui', u'gRightDownArrow']
DEBUG:root:tag detect: []
INFO:root:Check condition for Index[2.MainGui][Default]
DEBUG:root:tag require:100/100 of [u'Actor', u'mVIPLevel', u'mBag']
DEBUG:root:tag detect: []
DEBUG:root:tag require:30/100 of [u'Actor', u'mVIPLevel', u'mBag', u'mTeam', u'mPowerScore', u'mBeStronger', u'mMIC', u'mChat', u'mBroadcast', u'mLock', u'mCamera', u'mRide', u'mFriend', u'mTimeState', u'mExpStat', u'mMap', u'mMail', u'mBlood', u'mMagic', u'mProfile', u'mTask', u'mTeamInfo', u'mTaskMajorInfo', u'mTaskOtherInfo', u'mHideTaskCtl', u'mActorLevel', u'gWonderActive', u'gFirstPayGift', u'gGift', u'gActive', u'gSocial', u'gOpenGift', u'gOpenParty', u'mKillState', u'gControlA']
DEBUG:root:tag detect: []
INFO:root:Check condition for Index[3.DialogGui][Default]
DEBUG:root:tag require:100/100 of [u'DialogGui', u'dConfirm']
DEBUG:root:tag detect: []
DEBUG:root:tag require:100/100 of [u'DialogGui', u'dNext']
DEBUG:root:tag detect: []
DEBUG:root:tag require:100/100 of [u'MovieGui', u'dConfirm']
DEBUG:root:tag detect: []
DEBUG:root:tag require:100/100 of [u'MovieGui', u'dNext']
DEBUG:root:tag detect: []
DEBUG:root:Detection of loading image time: 1.245779
INFO:root:Loop the Index book
INFO:root:Check condition for Index[1.GuiderGui][LeftArrow]
DEBUG:root:tag require:100/100 of [u'GuiderGui', u'gLeftArrow']
DEBUG:root:tag detect: []
INFO:root:Check condition for Index[1.GuiderGui][RightArrow]
DEBUG:root:tag require:100/100 of [u'GuiderGui', u'gRightArrow']
DEBUG:root:tag detect: []
INFO:root:Check condition for Index[1.GuiderGui][UpArrow]
DEBUG:root:tag require:100/100 of [u'GuiderGui', u'gUpArrow']
DEBUG:root:tag detect: []
INFO:root:Check condition for Index[1.GuiderGui][DownArrow]
DEBUG:root:tag require:100/100 of [u'GuiderGui', u'gDownArrow']
DEBUG:root:tag detect: []
INFO:root:Check condition for Index[1.GuiderGui][LeftUpArrow]
DEBUG:root:tag require:100/100 of [u'GuiderGui', u'gLeftUpArrow']
DEBUG:root:tag detect: []
INFO:root:Check condition for Index[1.GuiderGui][RightUpArrow]
DEBUG:root:tag require:100/100 of [u'GuiderGui', u'gRightUpArrow']
DEBUG:root:tag detect: []
INFO:root:Check condition for Index[1.GuiderGui][LeftDownArrow]
DEBUG:root:tag require:100/100 of [u'GuiderGui', u'gLeftDownArrow']
DEBUG:root:tag detect: []
INFO:root:Check condition for Index[1.GuiderGui][RightDownArrow]
DEBUG:root:tag require:100/100 of [u'GuiderGui', u'gRightDownArrow']
DEBUG:root:tag detect: []
INFO:root:Check condition for Index[2.MainGui][Default]
DEBUG:root:tag require:100/100 of [u'Actor', u'mVIPLevel', u'mBag']
DEBUG:root:tag detect: []
DEBUG:root:tag require:30/100 of [u'Actor', u'mVIPLevel', u'mBag', u'mTeam', u'mPowerScore', u'mBeStronger', u'mMIC', u'mChat', u'mBroadcast', u'mLock', u'mCamera', u'mRide', u'mFriend', u'mTimeState', u'mExpStat', u'mMap', u'mMail', u'mBlood', u'mMagic', u'mProfile', u'mTask', u'mTeamInfo', u'mTaskMajorInfo', u'mTaskOtherInfo', u'mHideTaskCtl', u'mActorLevel', u'gWonderActive', u'gFirstPayGift', u'gGift', u'gActive', u'gSocial', u'gOpenGift', u'gOpenParty', u'mKillState', u'gControlA']
DEBUG:root:tag detect: []
INFO:root:Check condition for Index[3.DialogGui][Default]
DEBUG:root:tag require:100/100 of [u'DialogGui', u'dConfirm']
DEBUG:root:tag detect: []
DEBUG:root:tag require:100/100 of [u'DialogGui', u'dNext']
DEBUG:root:tag detect: []
DEBUG:root:tag require:100/100 of [u'MovieGui', u'dConfirm']
DEBUG:root:tag detect: []
DEBUG:root:tag require:100/100 of [u'MovieGui', u'dNext']
DEBUG:root:tag detect: []
INFO:root:Loop the Index book
INFO:root:Check condition for Index[1.GuiderGui][LeftArrow]
DEBUG:root:tag require:100/100 of [u'GuiderGui', u'gLeftArrow']
DEBUG:root:tag detect: []
INFO:root:Check condition for Index[1.GuiderGui][RightArrow]
DEBUG:root:tag require:100/100 of [u'GuiderGui', u'gRightArrow']
DEBUG:root:tag detect: []
INFO:root:Check condition for Index[1.GuiderGui][UpArrow]
DEBUG:root:tag require:100/100 of [u'GuiderGui', u'gUpArrow']
DEBUG:root:tag detect: []
INFO:root:Check condition for Index[1.GuiderGui][DownArrow]
DEBUG:root:tag require:100/100 of [u'GuiderGui', u'gDownArrow']
DEBUG:root:tag detect: []
INFO:root:Check condition for Index[1.GuiderGui][LeftUpArrow]
DEBUG:root:tag require:100/100 of [u'GuiderGui', u'gLeftUpArrow']
DEBUG:root:tag detect: []
INFO:root:Check condition for Index[1.GuiderGui][RightUpArrow]
DEBUG:root:tag require:100/100 of [u'GuiderGui', u'gRightUpArrow']
DEBUG:root:tag detect: []
INFO:root:Check condition for Index[1.GuiderGui][LeftDownArrow]
DEBUG:root:tag require:100/100 of [u'GuiderGui', u'gLeftDownArrow']
DEBUG:root:tag detect: []
INFO:root:Check condition for Index[1.GuiderGui][RightDownArrow]
DEBUG:root:tag require:100/100 of [u'GuiderGui', u'gRightDownArrow']
DEBUG:root:tag detect: []
INFO:root:Check condition for Index[2.MainGui][Default]
DEBUG:root:tag require:100/100 of [u'Actor', u'mVIPLevel', u'mBag']
DEBUG:root:tag detect: []
DEBUG:root:tag require:30/100 of [u'Actor', u'mVIPLevel', u'mBag', u'mTeam', u'mPowerScore', u'mBeStronger', u'mMIC', u'mChat', u'mBroadcast', u'mLock', u'mCamera', u'mRide', u'mFriend', u'mTimeState', u'mExpStat', u'mMap', u'mMail', u'mBlood', u'mMagic', u'mProfile', u'mTask', u'mTeamInfo', u'mTaskMajorInfo', u'mTaskOtherInfo', u'mHideTaskCtl', u'mActorLevel', u'gWonderActive', u'gFirstPayGift', u'gGift', u'gActive', u'gSocial', u'gOpenGift', u'gOpenParty', u'mKillState', u'gControlA']
DEBUG:root:tag detect: []
INFO:root:Check condition for Index[3.DialogGui][Default]
DEBUG:root:tag require:100/100 of [u'DialogGui', u'dConfirm']
DEBUG:root:tag detect: []
DEBUG:root:tag require:100/100 of [u'DialogGui', u'dNext']
DEBUG:root:tag detect: []
DEBUG:root:tag require:100/100 of [u'MovieGui', u'dConfirm']
DEBUG:root:tag detect: []
DEBUG:root:tag require:100/100 of [u'MovieGui', u'dNext']
DEBUG:root:tag detect: []
INFO:root:Loop the Index book
INFO:root:Check condition for Index[1.GuiderGui][LeftArrow]
DEBUG:root:tag require:100/100 of [u'GuiderGui', u'gLeftArrow']
DEBUG:root:tag detect: []
INFO:root:Check condition for Index[1.GuiderGui][RightArrow]
DEBUG:root:tag require:100/100 of [u'GuiderGui', u'gRightArrow']
DEBUG:root:tag detect: []
INFO:root:Check condition for Index[1.GuiderGui][UpArrow]
DEBUG:root:tag require:100/100 of [u'GuiderGui', u'gUpArrow']
DEBUG:root:tag detect: []
INFO:root:Check condition for Index[1.GuiderGui][DownArrow]
DEBUG:root:tag require:100/100 of [u'GuiderGui', u'gDownArrow']
DEBUG:root:tag detect: []
INFO:root:Check condition for Index[1.GuiderGui][LeftUpArrow]
DEBUG:root:tag require:100/100 of [u'GuiderGui', u'gLeftUpArrow']
DEBUG:root:tag detect: []
INFO:root:Check condition for Index[1.GuiderGui][RightUpArrow]
DEBUG:root:tag require:100/100 of [u'GuiderGui', u'gRightUpArrow']
DEBUG:root:tag detect: []
INFO:root:Check condition for Index[1.GuiderGui][LeftDownArrow]
DEBUG:root:tag require:100/100 of [u'GuiderGui', u'gLeftDownArrow']
DEBUG:root:tag detect: []
INFO:root:Check condition for Index[1.GuiderGui][RightDownArrow]
DEBUG:root:tag require:100/100 of [u'GuiderGui', u'gRightDownArrow']
DEBUG:root:tag detect: []
INFO:root:Check condition for Index[2.MainGui][Default]
DEBUG:root:tag require:100/100 of [u'Actor', u'mVIPLevel', u'mBag']
DEBUG:root:tag detect: []
DEBUG:root:tag require:30/100 of [u'Actor', u'mVIPLevel', u'mBag', u'mTeam', u'mPowerScore', u'mBeStronger', u'mMIC', u'mChat', u'mBroadcast', u'mLock', u'mCamera', u'mRide', u'mFriend', u'mTimeState', u'mExpStat', u'mMap', u'mMail', u'mBlood', u'mMagic', u'mProfile', u'mTask', u'mTeamInfo', u'mTaskMajorInfo', u'mTaskOtherInfo', u'mHideTaskCtl', u'mActorLevel', u'gWonderActive', u'gFirstPayGift', u'gGift', u'gActive', u'gSocial', u'gOpenGift', u'gOpenParty', u'mKillState', u'gControlA']
DEBUG:root:tag detect: []
INFO:root:Check condition for Index[3.DialogGui][Default]
DEBUG:root:tag require:100/100 of [u'DialogGui', u'dConfirm']
DEBUG:root:tag detect: []
DEBUG:root:tag require:100/100 of [u'DialogGui', u'dNext']
DEBUG:root:tag detect: []
DEBUG:root:tag require:100/100 of [u'MovieGui', u'dConfirm']
DEBUG:root:tag detect: []
DEBUG:root:tag require:100/100 of [u'MovieGui', u'dNext']
DEBUG:root:tag detect: []
INFO:root:Loop the Index book
INFO:root:Check condition for Index[1.GuiderGui][LeftArrow]
DEBUG:root:tag require:100/100 of [u'GuiderGui', u'gLeftArrow']
DEBUG:root:tag detect: []
INFO:root:Check condition for Index[1.GuiderGui][RightArrow]
DEBUG:root:tag require:100/100 of [u'GuiderGui', u'gRightArrow']
DEBUG:root:tag detect: []
INFO:root:Check condition for Index[1.GuiderGui][UpArrow]
DEBUG:root:tag require:100/100 of [u'GuiderGui', u'gUpArrow']
DEBUG:root:tag detect: []
INFO:root:Check condition for Index[1.GuiderGui][DownArrow]
DEBUG:root:tag require:100/100 of [u'GuiderGui', u'gDownArrow']
DEBUG:root:tag detect: []
INFO:root:Check condition for Index[1.GuiderGui][LeftUpArrow]
DEBUG:root:tag require:100/100 of [u'GuiderGui', u'gLeftUpArrow']
DEBUG:root:tag detect: []
INFO:root:Check condition for Index[1.GuiderGui][RightUpArrow]
DEBUG:root:tag require:100/100 of [u'GuiderGui', u'gRightUpArrow']
DEBUG:root:tag detect: []
INFO:root:Check condition for Index[1.GuiderGui][LeftDownArrow]
DEBUG:root:tag require:100/100 of [u'GuiderGui', u'gLeftDownArrow']
DEBUG:root:tag detect: []
INFO:root:Check condition for Index[1.GuiderGui][RightDownArrow]
DEBUG:root:tag require:100/100 of [u'GuiderGui', u'gRightDownArrow']
DEBUG:root:tag detect: []
INFO:root:Check condition for Index[2.MainGui][Default]
DEBUG:root:tag require:100/100 of [u'Actor', u'mVIPLevel', u'mBag']
DEBUG:root:tag detect: []
DEBUG:root:tag require:30/100 of [u'Actor', u'mVIPLevel', u'mBag', u'mTeam', u'mPowerScore', u'mBeStronger', u'mMIC', u'mChat', u'mBroadcast', u'mLock', u'mCamera', u'mRide', u'mFriend', u'mTimeState', u'mExpStat', u'mMap', u'mMail', u'mBlood', u'mMagic', u'mProfile', u'mTask', u'mTeamInfo', u'mTaskMajorInfo', u'mTaskOtherInfo', u'mHideTaskCtl', u'mActorLevel', u'gWonderActive', u'gFirstPayGift', u'gGift', u'gActive', u'gSocial', u'gOpenGift', u'gOpenParty', u'mKillState', u'gControlA']
DEBUG:root:tag detect: []
INFO:root:Check condition for Index[3.DialogGui][Default]
DEBUG:root:tag require:100/100 of [u'DialogGui', u'dConfirm']
DEBUG:root:tag detect: []
DEBUG:root:tag require:100/100 of [u'DialogGui', u'dNext']
DEBUG:root:tag detect: []
DEBUG:root:tag require:100/100 of [u'MovieGui', u'dConfirm']
DEBUG:root:tag detect: []
DEBUG:root:tag require:100/100 of [u'MovieGui', u'dNext']
DEBUG:root:tag detect: []
DEBUG:root:Detection of detecting image time: 4.606711
DEBUG:PIL.PngImagePlugin:STREAM 'IHDR' 16 13
DEBUG:PIL.PngImagePlugin:STREAM 'IDAT' 41 1216
DEBUG:PIL.PngImagePlugin:STREAM 'IHDR' 16 13
DEBUG:PIL.PngImagePlugin:STREAM 'IDAT' 41 1216
DEBUG:PIL.PngImagePlugin:STREAM 'IHDR' 16 13
DEBUG:PIL.PngImagePlugin:STREAM 'IDAT' 41 1216
INFO:root:Loop the Index book
INFO:root:Check condition for Index[1.GuiderGui][LeftArrow]
DEBUG:root:tag require:100/100 of [u'GuiderGui', u'gLeftArrow']
DEBUG:root:tag detect: []
INFO:root:Check condition for Index[1.GuiderGui][RightArrow]
DEBUG:root:tag require:100/100 of [u'GuiderGui', u'gRightArrow']
DEBUG:root:tag detect: []
INFO:root:Check condition for Index[1.GuiderGui][UpArrow]
DEBUG:root:tag require:100/100 of [u'GuiderGui', u'gUpArrow']
DEBUG:root:tag detect: []
INFO:root:Check condition for Index[1.GuiderGui][DownArrow]
DEBUG:root:tag require:100/100 of [u'GuiderGui', u'gDownArrow']
DEBUG:root:tag detect: []
INFO:root:Check condition for Index[1.GuiderGui][LeftUpArrow]
DEBUG:root:tag require:100/100 of [u'GuiderGui', u'gLeftUpArrow']
DEBUG:root:tag detect: []
INFO:root:Check condition for Index[1.GuiderGui][RightUpArrow]
DEBUG:root:tag require:100/100 of [u'GuiderGui', u'gRightUpArrow']
DEBUG:root:tag detect: []
INFO:root:Check condition for Index[1.GuiderGui][LeftDownArrow]
DEBUG:root:tag require:100/100 of [u'GuiderGui', u'gLeftDownArrow']
DEBUG:root:tag detect: []
INFO:root:Check condition for Index[1.GuiderGui][RightDownArrow]
DEBUG:root:tag require:100/100 of [u'GuiderGui', u'gRightDownArrow']
DEBUG:root:tag detect: []
INFO:root:Check condition for Index[2.MainGui][Default]
DEBUG:root:tag require:100/100 of [u'Actor', u'mVIPLevel', u'mBag']
DEBUG:root:tag detect: []
DEBUG:root:tag require:30/100 of [u'Actor', u'mVIPLevel', u'mBag', u'mTeam', u'mPowerScore', u'mBeStronger', u'mMIC', u'mChat', u'mBroadcast', u'mLock', u'mCamera', u'mRide', u'mFriend', u'mTimeState', u'mExpStat', u'mMap', u'mMail', u'mBlood', u'mMagic', u'mProfile', u'mTask', u'mTeamInfo', u'mTaskMajorInfo', u'mTaskOtherInfo', u'mHideTaskCtl', u'mActorLevel', u'gWonderActive', u'gFirstPayGift', u'gGift', u'gActive', u'gSocial', u'gOpenGift', u'gOpenParty', u'mKillState', u'gControlA']
DEBUG:root:tag detect: []
INFO:root:Check condition for Index[3.DialogGui][Default]
DEBUG:root:tag require:100/100 of [u'DialogGui', u'dConfirm']
DEBUG:root:tag detect: []
DEBUG:root:tag require:100/100 of [u'DialogGui', u'dNext']
DEBUG:root:tag detect: []
DEBUG:root:tag require:100/100 of [u'MovieGui', u'dConfirm']
DEBUG:root:tag detect: []
DEBUG:root:tag require:100/100 of [u'MovieGui', u'dNext']
DEBUG:root:tag detect: []
DEBUG:PIL.PngImagePlugin:STREAM 'IHDR' 16 13
DEBUG:PIL.PngImagePlugin:STREAM 'sBIT' 41 4
DEBUG:PIL.PngImagePlugin:'sBIT' 41 4 (unknown)
DEBUG:PIL.PngImagePlugin:STREAM 'IDAT' 57 8192
INFO:root:Loop the Index book
INFO:root:Check condition for Index[1.GuiderGui][LeftArrow]
DEBUG:root:tag require:100/100 of [u'GuiderGui', u'gLeftArrow']
DEBUG:root:tag detect: []
INFO:root:Check condition for Index[1.GuiderGui][RightArrow]
DEBUG:root:tag require:100/100 of [u'GuiderGui', u'gRightArrow']
DEBUG:root:tag detect: []
INFO:root:Check condition for Index[1.GuiderGui][UpArrow]
DEBUG:root:tag require:100/100 of [u'GuiderGui', u'gUpArrow']
DEBUG:root:tag detect: []
INFO:root:Check condition for Index[1.GuiderGui][DownArrow]
DEBUG:root:tag require:100/100 of [u'GuiderGui', u'gDownArrow']
DEBUG:root:tag detect: []
INFO:root:Check condition for Index[1.GuiderGui][LeftUpArrow]
DEBUG:root:tag require:100/100 of [u'GuiderGui', u'gLeftUpArrow']
DEBUG:root:tag detect: []
INFO:root:Check condition for Index[1.GuiderGui][RightUpArrow]
DEBUG:root:tag require:100/100 of [u'GuiderGui', u'gRightUpArrow']
DEBUG:root:tag detect: []
INFO:root:Check condition for Index[1.GuiderGui][LeftDownArrow]
DEBUG:root:tag require:100/100 of [u'GuiderGui', u'gLeftDownArrow']
DEBUG:root:tag detect: []
INFO:root:Check condition for Index[1.GuiderGui][RightDownArrow]
DEBUG:root:tag require:100/100 of [u'GuiderGui', u'gRightDownArrow']
DEBUG:root:tag detect: []
INFO:root:Check condition for Index[2.MainGui][Default]
DEBUG:root:tag require:100/100 of [u'Actor', u'mVIPLevel', u'mBag']
DEBUG:root:tag detect: []
DEBUG:root:tag require:30/100 of [u'Actor', u'mVIPLevel', u'mBag', u'mTeam', u'mPowerScore', u'mBeStronger', u'mMIC', u'mChat', u'mBroadcast', u'mLock', u'mCamera', u'mRide', u'mFriend', u'mTimeState', u'mExpStat', u'mMap', u'mMail', u'mBlood', u'mMagic', u'mProfile', u'mTask', u'mTeamInfo', u'mTaskMajorInfo', u'mTaskOtherInfo', u'mHideTaskCtl', u'mActorLevel', u'gWonderActive', u'gFirstPayGift', u'gGift', u'gActive', u'gSocial', u'gOpenGift', u'gOpenParty', u'mKillState', u'gControlA']
DEBUG:root:tag detect: []
INFO:root:Check condition for Index[3.DialogGui][Default]
DEBUG:root:tag require:100/100 of [u'DialogGui', u'dConfirm']
DEBUG:root:tag detect: []
DEBUG:root:tag require:100/100 of [u'DialogGui', u'dNext']
DEBUG:root:tag detect: []
DEBUG:root:tag require:100/100 of [u'MovieGui', u'dConfirm']
DEBUG:root:tag detect: []
DEBUG:root:tag require:100/100 of [u'MovieGui', u'dNext']
DEBUG:root:tag detect: []
DEBUG:root:Detection of loading image time: 1.257505
INFO:root:Loop the Index book
INFO:root:Check condition for Index[1.GuiderGui][LeftArrow]
DEBUG:root:tag require:100/100 of [u'GuiderGui', u'gLeftArrow']
DEBUG:root:tag detect: []
INFO:root:Check condition for Index[1.GuiderGui][RightArrow]
DEBUG:root:tag require:100/100 of [u'GuiderGui', u'gRightArrow']
DEBUG:root:tag detect: []
INFO:root:Check condition for Index[1.GuiderGui][UpArrow]
DEBUG:root:tag require:100/100 of [u'GuiderGui', u'gUpArrow']
DEBUG:root:tag detect: []
INFO:root:Check condition for Index[1.GuiderGui][DownArrow]
DEBUG:root:tag require:100/100 of [u'GuiderGui', u'gDownArrow']
DEBUG:root:tag detect: []
INFO:root:Check condition for Index[1.GuiderGui][LeftUpArrow]
DEBUG:root:tag require:100/100 of [u'GuiderGui', u'gLeftUpArrow']
DEBUG:root:tag detect: []
INFO:root:Check condition for Index[1.GuiderGui][RightUpArrow]
DEBUG:root:tag require:100/100 of [u'GuiderGui', u'gRightUpArrow']
DEBUG:root:tag detect: []
INFO:root:Check condition for Index[1.GuiderGui][LeftDownArrow]
DEBUG:root:tag require:100/100 of [u'GuiderGui', u'gLeftDownArrow']
DEBUG:root:tag detect: []
INFO:root:Check condition for Index[1.GuiderGui][RightDownArrow]
DEBUG:root:tag require:100/100 of [u'GuiderGui', u'gRightDownArrow']
DEBUG:root:tag detect: []
INFO:root:Check condition for Index[2.MainGui][Default]
DEBUG:root:tag require:100/100 of [u'Actor', u'mVIPLevel', u'mBag']
DEBUG:root:tag detect: []
DEBUG:root:tag require:30/100 of [u'Actor', u'mVIPLevel', u'mBag', u'mTeam', u'mPowerScore', u'mBeStronger', u'mMIC', u'mChat', u'mBroadcast', u'mLock', u'mCamera', u'mRide', u'mFriend', u'mTimeState', u'mExpStat', u'mMap', u'mMail', u'mBlood', u'mMagic', u'mProfile', u'mTask', u'mTeamInfo', u'mTaskMajorInfo', u'mTaskOtherInfo', u'mHideTaskCtl', u'mActorLevel', u'gWonderActive', u'gFirstPayGift', u'gGift', u'gActive', u'gSocial', u'gOpenGift', u'gOpenParty', u'mKillState', u'gControlA']
DEBUG:root:tag detect: []
INFO:root:Check condition for Index[3.DialogGui][Default]
DEBUG:root:tag require:100/100 of [u'DialogGui', u'dConfirm']
DEBUG:root:tag detect: []
DEBUG:root:tag require:100/100 of [u'DialogGui', u'dNext']
DEBUG:root:tag detect: []
DEBUG:root:tag require:100/100 of [u'MovieGui', u'dConfirm']
DEBUG:root:tag detect: []
DEBUG:root:tag require:100/100 of [u'MovieGui', u'dNext']
DEBUG:root:tag detect: []
DEBUG:root:Detection of detecting image time: 4.523275
DEBUG:PIL.PngImagePlugin:STREAM 'IHDR' 16 13
DEBUG:PIL.PngImagePlugin:STREAM 'IDAT' 41 1216
DEBUG:PIL.PngImagePlugin:STREAM 'IHDR' 16 13
DEBUG:PIL.PngImagePlugin:STREAM 'IDAT' 41 1216
DEBUG:PIL.PngImagePlugin:STREAM 'IHDR' 16 13
DEBUG:PIL.PngImagePlugin:STREAM 'IDAT' 41 1216
DEBUG:PIL.PngImagePlugin:STREAM 'IHDR' 16 13
DEBUG:PIL.PngImagePlugin:STREAM 'sBIT' 41 4
DEBUG:PIL.PngImagePlugin:'sBIT' 41 4 (unknown)
DEBUG:PIL.PngImagePlugin:STREAM 'IDAT' 57 8192
